<?xml version="1.0" encoding="UTF-8" ?>
<testsuites disabled="0" errors="0" failures="0" tests="0" time="0">
 <testsuite name="caseListManager" timestamp="2018-06-18T15:09:30" hostname="localhost" time="0" errors="0" tests="0" skipped="0" disabled="0" failures="0">
 </testsuite>
</testsuites>